The system is: Linux - 4.15.0-112-generic - x86_64
Compiling the C compiler identification source file "CMakeCCompilerId.c" succeeded.
Compiler: /usr/bin/cc 
Build flags: 
Id flags: 

The output was:
0


Compilation of the C compiler identification source "CMakeCCompilerId.c" produced "a.out"

The C compiler identification is GNU, found in "/home/netlab/Research/ngscope-master/build/CMakeFiles/3.5.1/CompilerIdC/a.out"

Compiling the CXX compiler identification source file "CMakeCXXCompilerId.cpp" succeeded.
Compiler: /usr/bin/c++ 
Build flags: 
Id flags: 

The output was:
0


Compilation of the CXX compiler identification source "CMakeCXXCompilerId.cpp" produced "a.out"

The CXX compiler identification is GNU, found in "/home/netlab/Research/ngscope-master/build/CMakeFiles/3.5.1/CompilerIdCXX/a.out"

Determining if the C compiler works passed with the following output:
Change Dir: /home/netlab/Research/ngscope-master/build/CMakeFiles/CMakeTmp

Run Build Command:"/usr/bin/make" "cmTC_c5757/fast"
/usr/bin/make -f CMakeFiles/cmTC_c5757.dir/build.make CMakeFiles/cmTC_c5757.dir/build
make[1]: Entering directory '/home/netlab/Research/ngscope-master/build/CMakeFiles/CMakeTmp'
Building C object CMakeFiles/cmTC_c5757.dir/testCCompiler.c.o
/usr/bin/cc     -o CMakeFiles/cmTC_c5757.dir/testCCompiler.c.o   -c /home/netlab/Research/ngscope-master/build/CMakeFiles/CMakeTmp/testCCompiler.c
Linking C executable cmTC_c5757
/usr/bin/cmake -E cmake_link_script CMakeFiles/cmTC_c5757.dir/link.txt --verbose=1
/usr/bin/cc       CMakeFiles/cmTC_c5757.dir/testCCompiler.c.o  -o cmTC_c5757 -rdynamic 
make[1]: Leaving directory '/home/netlab/Research/ngscope-master/build/CMakeFiles/CMakeTmp'


Detecting C compiler ABI info compiled with the following output:
Change Dir: /home/netlab/Research/ngscope-master/build/CMakeFiles/CMakeTmp

Run Build Command:"/usr/bin/make" "cmTC_08c95/fast"
/usr/bin/make -f CMakeFiles/cmTC_08c95.dir/build.make CMakeFiles/cmTC_08c95.dir/build
make[1]: Entering directory '/home/netlab/Research/ngscope-master/build/CMakeFiles/CMakeTmp'
Building C object CMakeFiles/cmTC_08c95.dir/CMakeCCompilerABI.c.o
/usr/bin/cc     -o CMakeFiles/cmTC_08c95.dir/CMakeCCompilerABI.c.o   -c /usr/share/cmake-3.5/Modules/CMakeCCompilerABI.c
Linking C executable cmTC_08c95
/usr/bin/cmake -E cmake_link_script CMakeFiles/cmTC_08c95.dir/link.txt --verbose=1
/usr/bin/cc      -v CMakeFiles/cmTC_08c95.dir/CMakeCCompilerABI.c.o  -o cmTC_08c95 -rdynamic  
Using built-in specs.
COLLECT_GCC=/usr/bin/cc
COLLECT_LTO_WRAPPER=/usr/lib/gcc/x86_64-linux-gnu/5/lto-wrapper
Target: x86_64-linux-gnu
Configured with: ../src/configure -v --with-pkgversion='Ubuntu 5.4.0-6ubuntu1~16.04.12' --with-bugurl=file:///usr/share/doc/gcc-5/README.Bugs --enable-languages=c,ada,c++,java,go,d,fortran,objc,obj-c++ --prefix=/usr --program-suffix=-5 --enable-shared --enable-linker-build-id --libexecdir=/usr/lib --without-included-gettext --enable-threads=posix --libdir=/usr/lib --enable-nls --with-sysroot=/ --enable-clocale=gnu --enable-libstdcxx-debug --enable-libstdcxx-time=yes --with-default-libstdcxx-abi=new --enable-gnu-unique-object --disable-vtable-verify --enable-libmpx --enable-plugin --with-system-zlib --disable-browser-plugin --enable-java-awt=gtk --enable-gtk-cairo --with-java-home=/usr/lib/jvm/java-1.5.0-gcj-5-amd64/jre --enable-java-home --with-jvm-root-dir=/usr/lib/jvm/java-1.5.0-gcj-5-amd64 --with-jvm-jar-dir=/usr/lib/jvm-exports/java-1.5.0-gcj-5-amd64 --with-arch-directory=amd64 --with-ecj-jar=/usr/share/java/eclipse-ecj.jar --enable-objc-gc --enable-multiarch --disable-werror --with-arch-32=i686 --with-abi=m64 --with-multilib-list=m32,m64,mx32 --enable-multilib --with-tune=generic --enable-checking=release --build=x86_64-linux-gnu --host=x86_64-linux-gnu --target=x86_64-linux-gnu
Thread model: posix
gcc version 5.4.0 20160609 (Ubuntu 5.4.0-6ubuntu1~16.04.12) 
COMPILER_PATH=/usr/lib/gcc/x86_64-linux-gnu/5/:/usr/lib/gcc/x86_64-linux-gnu/5/:/usr/lib/gcc/x86_64-linux-gnu/:/usr/lib/gcc/x86_64-linux-gnu/5/:/usr/lib/gcc/x86_64-linux-gnu/
LIBRARY_PATH=/usr/lib/gcc/x86_64-linux-gnu/5/:/usr/lib/gcc/x86_64-linux-gnu/5/../../../x86_64-linux-gnu/:/usr/lib/gcc/x86_64-linux-gnu/5/../../../../lib/:/lib/x86_64-linux-gnu/:/lib/../lib/:/usr/lib/x86_64-linux-gnu/:/usr/lib/../lib/:/usr/lib/gcc/x86_64-linux-gnu/5/../../../:/lib/:/usr/lib/
COLLECT_GCC_OPTIONS='-v' '-o' 'cmTC_08c95' '-rdynamic' '-mtune=generic' '-march=x86-64'
 /usr/lib/gcc/x86_64-linux-gnu/5/collect2 -plugin /usr/lib/gcc/x86_64-linux-gnu/5/liblto_plugin.so -plugin-opt=/usr/lib/gcc/x86_64-linux-gnu/5/lto-wrapper -plugin-opt=-fresolution=/tmp/cczmgYHS.res -plugin-opt=-pass-through=-lgcc -plugin-opt=-pass-through=-lgcc_s -plugin-opt=-pass-through=-lc -plugin-opt=-pass-through=-lgcc -plugin-opt=-pass-through=-lgcc_s --sysroot=/ --build-id --eh-frame-hdr -m elf_x86_64 --hash-style=gnu --as-needed -export-dynamic -dynamic-linker /lib64/ld-linux-x86-64.so.2 -z relro -o cmTC_08c95 /usr/lib/gcc/x86_64-linux-gnu/5/../../../x86_64-linux-gnu/crt1.o /usr/lib/gcc/x86_64-linux-gnu/5/../../../x86_64-linux-gnu/crti.o /usr/lib/gcc/x86_64-linux-gnu/5/crtbegin.o -L/usr/lib/gcc/x86_64-linux-gnu/5 -L/usr/lib/gcc/x86_64-linux-gnu/5/../../../x86_64-linux-gnu -L/usr/lib/gcc/x86_64-linux-gnu/5/../../../../lib -L/lib/x86_64-linux-gnu -L/lib/../lib -L/usr/lib/x86_64-linux-gnu -L/usr/lib/../lib -L/usr/lib/gcc/x86_64-linux-gnu/5/../../.. CMakeFiles/cmTC_08c95.dir/CMakeCCompilerABI.c.o -lgcc --as-needed -lgcc_s --no-as-needed -lc -lgcc --as-needed -lgcc_s --no-as-needed /usr/lib/gcc/x86_64-linux-gnu/5/crtend.o /usr/lib/gcc/x86_64-linux-gnu/5/../../../x86_64-linux-gnu/crtn.o
make[1]: Leaving directory '/home/netlab/Research/ngscope-master/build/CMakeFiles/CMakeTmp'


Parsed C implicit link information from above output:
  link line regex: [^( *|.*[/\])(ld|([^/\]+-)?ld|collect2)[^/\]*( |$)]
  ignore line: [Change Dir: /home/netlab/Research/ngscope-master/build/CMakeFiles/CMakeTmp]
  ignore line: []
  ignore line: [Run Build Command:"/usr/bin/make" "cmTC_08c95/fast"]
  ignore line: [/usr/bin/make -f CMakeFiles/cmTC_08c95.dir/build.make CMakeFiles/cmTC_08c95.dir/build]
  ignore line: [make[1]: Entering directory '/home/netlab/Research/ngscope-master/build/CMakeFiles/CMakeTmp']
  ignore line: [Building C object CMakeFiles/cmTC_08c95.dir/CMakeCCompilerABI.c.o]
  ignore line: [/usr/bin/cc     -o CMakeFiles/cmTC_08c95.dir/CMakeCCompilerABI.c.o   -c /usr/share/cmake-3.5/Modules/CMakeCCompilerABI.c]
  ignore line: [Linking C executable cmTC_08c95]
  ignore line: [/usr/bin/cmake -E cmake_link_script CMakeFiles/cmTC_08c95.dir/link.txt --verbose=1]
  ignore line: [/usr/bin/cc      -v CMakeFiles/cmTC_08c95.dir/CMakeCCompilerABI.c.o  -o cmTC_08c95 -rdynamic  ]
  ignore line: [Using built-in specs.]
  ignore line: [COLLECT_GCC=/usr/bin/cc]
  ignore line: [COLLECT_LTO_WRAPPER=/usr/lib/gcc/x86_64-linux-gnu/5/lto-wrapper]
  ignore line: [Target: x86_64-linux-gnu]
  ignore line: [Configured with: ../src/configure -v --with-pkgversion='Ubuntu 5.4.0-6ubuntu1~16.04.12' --with-bugurl=file:///usr/share/doc/gcc-5/README.Bugs --enable-languages=c,ada,c++,java,go,d,fortran,objc,obj-c++ --prefix=/usr --program-suffix=-5 --enable-shared --enable-linker-build-id --libexecdir=/usr/lib --without-included-gettext --enable-threads=posix --libdir=/usr/lib --enable-nls --with-sysroot=/ --enable-clocale=gnu --enable-libstdcxx-debug --enable-libstdcxx-time=yes --with-default-libstdcxx-abi=new --enable-gnu-unique-object --disable-vtable-verify --enable-libmpx --enable-plugin --with-system-zlib --disable-browser-plugin --enable-java-awt=gtk --enable-gtk-cairo --with-java-home=/usr/lib/jvm/java-1.5.0-gcj-5-amd64/jre --enable-java-home --with-jvm-root-dir=/usr/lib/jvm/java-1.5.0-gcj-5-amd64 --with-jvm-jar-dir=/usr/lib/jvm-exports/java-1.5.0-gcj-5-amd64 --with-arch-directory=amd64 --with-ecj-jar=/usr/share/java/eclipse-ecj.jar --enable-objc-gc --enable-multiarch --disable-werror --with-arch-32=i686 --with-abi=m64 --with-multilib-list=m32,m64,mx32 --enable-multilib --with-tune=generic --enable-checking=release --build=x86_64-linux-gnu --host=x86_64-linux-gnu --target=x86_64-linux-gnu]
  ignore line: [Thread model: posix]
  ignore line: [gcc version 5.4.0 20160609 (Ubuntu 5.4.0-6ubuntu1~16.04.12) ]
  ignore line: [COMPILER_PATH=/usr/lib/gcc/x86_64-linux-gnu/5/:/usr/lib/gcc/x86_64-linux-gnu/5/:/usr/lib/gcc/x86_64-linux-gnu/:/usr/lib/gcc/x86_64-linux-gnu/5/:/usr/lib/gcc/x86_64-linux-gnu/]
  ignore line: [LIBRARY_PATH=/usr/lib/gcc/x86_64-linux-gnu/5/:/usr/lib/gcc/x86_64-linux-gnu/5/../../../x86_64-linux-gnu/:/usr/lib/gcc/x86_64-linux-gnu/5/../../../../lib/:/lib/x86_64-linux-gnu/:/lib/../lib/:/usr/lib/x86_64-linux-gnu/:/usr/lib/../lib/:/usr/lib/gcc/x86_64-linux-gnu/5/../../../:/lib/:/usr/lib/]
  ignore line: [COLLECT_GCC_OPTIONS='-v' '-o' 'cmTC_08c95' '-rdynamic' '-mtune=generic' '-march=x86-64']
  link line: [ /usr/lib/gcc/x86_64-linux-gnu/5/collect2 -plugin /usr/lib/gcc/x86_64-linux-gnu/5/liblto_plugin.so -plugin-opt=/usr/lib/gcc/x86_64-linux-gnu/5/lto-wrapper -plugin-opt=-fresolution=/tmp/cczmgYHS.res -plugin-opt=-pass-through=-lgcc -plugin-opt=-pass-through=-lgcc_s -plugin-opt=-pass-through=-lc -plugin-opt=-pass-through=-lgcc -plugin-opt=-pass-through=-lgcc_s --sysroot=/ --build-id --eh-frame-hdr -m elf_x86_64 --hash-style=gnu --as-needed -export-dynamic -dynamic-linker /lib64/ld-linux-x86-64.so.2 -z relro -o cmTC_08c95 /usr/lib/gcc/x86_64-linux-gnu/5/../../../x86_64-linux-gnu/crt1.o /usr/lib/gcc/x86_64-linux-gnu/5/../../../x86_64-linux-gnu/crti.o /usr/lib/gcc/x86_64-linux-gnu/5/crtbegin.o -L/usr/lib/gcc/x86_64-linux-gnu/5 -L/usr/lib/gcc/x86_64-linux-gnu/5/../../../x86_64-linux-gnu -L/usr/lib/gcc/x86_64-linux-gnu/5/../../../../lib -L/lib/x86_64-linux-gnu -L/lib/../lib -L/usr/lib/x86_64-linux-gnu -L/usr/lib/../lib -L/usr/lib/gcc/x86_64-linux-gnu/5/../../.. CMakeFiles/cmTC_08c95.dir/CMakeCCompilerABI.c.o -lgcc --as-needed -lgcc_s --no-as-needed -lc -lgcc --as-needed -lgcc_s --no-as-needed /usr/lib/gcc/x86_64-linux-gnu/5/crtend.o /usr/lib/gcc/x86_64-linux-gnu/5/../../../x86_64-linux-gnu/crtn.o]
    arg [/usr/lib/gcc/x86_64-linux-gnu/5/collect2] ==> ignore
    arg [-plugin] ==> ignore
    arg [/usr/lib/gcc/x86_64-linux-gnu/5/liblto_plugin.so] ==> ignore
    arg [-plugin-opt=/usr/lib/gcc/x86_64-linux-gnu/5/lto-wrapper] ==> ignore
    arg [-plugin-opt=-fresolution=/tmp/cczmgYHS.res] ==> ignore
    arg [-plugin-opt=-pass-through=-lgcc] ==> ignore
    arg [-plugin-opt=-pass-through=-lgcc_s] ==> ignore
    arg [-plugin-opt=-pass-through=-lc] ==> ignore
    arg [-plugin-opt=-pass-through=-lgcc] ==> ignore
    arg [-plugin-opt=-pass-through=-lgcc_s] ==> ignore
    arg [--sysroot=/] ==> ignore
    arg [--build-id] ==> ignore
    arg [--eh-frame-hdr] ==> ignore
    arg [-m] ==> ignore
    arg [elf_x86_64] ==> ignore
    arg [--hash-style=gnu] ==> ignore
    arg [--as-needed] ==> ignore
    arg [-export-dynamic] ==> ignore
    arg [-dynamic-linker] ==> ignore
    arg [/lib64/ld-linux-x86-64.so.2] ==> ignore
    arg [-zrelro] ==> ignore
    arg [-o] ==> ignore
    arg [cmTC_08c95] ==> ignore
    arg [/usr/lib/gcc/x86_64-linux-gnu/5/../../../x86_64-linux-gnu/crt1.o] ==> ignore
    arg [/usr/lib/gcc/x86_64-linux-gnu/5/../../../x86_64-linux-gnu/crti.o] ==> ignore
    arg [/usr/lib/gcc/x86_64-linux-gnu/5/crtbegin.o] ==> ignore
    arg [-L/usr/lib/gcc/x86_64-linux-gnu/5] ==> dir [/usr/lib/gcc/x86_64-linux-gnu/5]
    arg [-L/usr/lib/gcc/x86_64-linux-gnu/5/../../../x86_64-linux-gnu] ==> dir [/usr/lib/gcc/x86_64-linux-gnu/5/../../../x86_64-linux-gnu]
    arg [-L/usr/lib/gcc/x86_64-linux-gnu/5/../../../../lib] ==> dir [/usr/lib/gcc/x86_64-linux-gnu/5/../../../../lib]
    arg [-L/lib/x86_64-linux-gnu] ==> dir [/lib/x86_64-linux-gnu]
    arg [-L/lib/../lib] ==> dir [/lib/../lib]
    arg [-L/usr/lib/x86_64-linux-gnu] ==> dir [/usr/lib/x86_64-linux-gnu]
    arg [-L/usr/lib/../lib] ==> dir [/usr/lib/../lib]
    arg [-L/usr/lib/gcc/x86_64-linux-gnu/5/../../..] ==> dir [/usr/lib/gcc/x86_64-linux-gnu/5/../../..]
    arg [CMakeFiles/cmTC_08c95.dir/CMakeCCompilerABI.c.o] ==> ignore
    arg [-lgcc] ==> lib [gcc]
    arg [--as-needed] ==> ignore
    arg [-lgcc_s] ==> lib [gcc_s]
    arg [--no-as-needed] ==> ignore
    arg [-lc] ==> lib [c]
    arg [-lgcc] ==> lib [gcc]
    arg [--as-needed] ==> ignore
    arg [-lgcc_s] ==> lib [gcc_s]
    arg [--no-as-needed] ==> ignore
    arg [/usr/lib/gcc/x86_64-linux-gnu/5/crtend.o] ==> ignore
    arg [/usr/lib/gcc/x86_64-linux-gnu/5/../../../x86_64-linux-gnu/crtn.o] ==> ignore
  remove lib [gcc]
  remove lib [gcc_s]
  remove lib [gcc]
  remove lib [gcc_s]
  collapse library dir [/usr/lib/gcc/x86_64-linux-gnu/5] ==> [/usr/lib/gcc/x86_64-linux-gnu/5]
  collapse library dir [/usr/lib/gcc/x86_64-linux-gnu/5/../../../x86_64-linux-gnu] ==> [/usr/lib/x86_64-linux-gnu]
  collapse library dir [/usr/lib/gcc/x86_64-linux-gnu/5/../../../../lib] ==> [/usr/lib]
  collapse library dir [/lib/x86_64-linux-gnu] ==> [/lib/x86_64-linux-gnu]
  collapse library dir [/lib/../lib] ==> [/lib]
  collapse library dir [/usr/lib/x86_64-linux-gnu] ==> [/usr/lib/x86_64-linux-gnu]
  collapse library dir [/usr/lib/../lib] ==> [/usr/lib]
  collapse library dir [/usr/lib/gcc/x86_64-linux-gnu/5/../../..] ==> [/usr/lib]
  implicit libs: [c]
  implicit dirs: [/usr/lib/gcc/x86_64-linux-gnu/5;/usr/lib/x86_64-linux-gnu;/usr/lib;/lib/x86_64-linux-gnu;/lib]
  implicit fwks: []




Detecting C [-std=c11] compiler features compiled with the following output:
Change Dir: /home/netlab/Research/ngscope-master/build/CMakeFiles/CMakeTmp

Run Build Command:"/usr/bin/make" "cmTC_f2443/fast"
/usr/bin/make -f CMakeFiles/cmTC_f2443.dir/build.make CMakeFiles/cmTC_f2443.dir/build
make[1]: Entering directory '/home/netlab/Research/ngscope-master/build/CMakeFiles/CMakeTmp'
Building C object CMakeFiles/cmTC_f2443.dir/feature_tests.c.o
/usr/bin/cc    -std=c11 -o CMakeFiles/cmTC_f2443.dir/feature_tests.c.o   -c /home/netlab/Research/ngscope-master/build/CMakeFiles/feature_tests.c
Linking C executable cmTC_f2443
/usr/bin/cmake -E cmake_link_script CMakeFiles/cmTC_f2443.dir/link.txt --verbose=1
/usr/bin/cc       CMakeFiles/cmTC_f2443.dir/feature_tests.c.o  -o cmTC_f2443 -rdynamic 
make[1]: Leaving directory '/home/netlab/Research/ngscope-master/build/CMakeFiles/CMakeTmp'


    Feature record: C_FEATURE:1c_function_prototypes
    Feature record: C_FEATURE:1c_restrict
    Feature record: C_FEATURE:1c_static_assert
    Feature record: C_FEATURE:1c_variadic_macros


Detecting C [-std=c99] compiler features compiled with the following output:
Change Dir: /home/netlab/Research/ngscope-master/build/CMakeFiles/CMakeTmp

Run Build Command:"/usr/bin/make" "cmTC_e3801/fast"
/usr/bin/make -f CMakeFiles/cmTC_e3801.dir/build.make CMakeFiles/cmTC_e3801.dir/build
make[1]: Entering directory '/home/netlab/Research/ngscope-master/build/CMakeFiles/CMakeTmp'
Building C object CMakeFiles/cmTC_e3801.dir/feature_tests.c.o
/usr/bin/cc    -std=c99 -o CMakeFiles/cmTC_e3801.dir/feature_tests.c.o   -c /home/netlab/Research/ngscope-master/build/CMakeFiles/feature_tests.c
Linking C executable cmTC_e3801
/usr/bin/cmake -E cmake_link_script CMakeFiles/cmTC_e3801.dir/link.txt --verbose=1
/usr/bin/cc       CMakeFiles/cmTC_e3801.dir/feature_tests.c.o  -o cmTC_e3801 -rdynamic 
make[1]: Leaving directory '/home/netlab/Research/ngscope-master/build/CMakeFiles/CMakeTmp'


    Feature record: C_FEATURE:1c_function_prototypes
    Feature record: C_FEATURE:1c_restrict
    Feature record: C_FEATURE:0c_static_assert
    Feature record: C_FEATURE:1c_variadic_macros


Detecting C [-std=c90] compiler features compiled with the following output:
Change Dir: /home/netlab/Research/ngscope-master/build/CMakeFiles/CMakeTmp

Run Build Command:"/usr/bin/make" "cmTC_9ea63/fast"
/usr/bin/make -f CMakeFiles/cmTC_9ea63.dir/build.make CMakeFiles/cmTC_9ea63.dir/build
make[1]: Entering directory '/home/netlab/Research/ngscope-master/build/CMakeFiles/CMakeTmp'
Building C object CMakeFiles/cmTC_9ea63.dir/feature_tests.c.o
/usr/bin/cc    -std=c90 -o CMakeFiles/cmTC_9ea63.dir/feature_tests.c.o   -c /home/netlab/Research/ngscope-master/build/CMakeFiles/feature_tests.c
Linking C executable cmTC_9ea63
/usr/bin/cmake -E cmake_link_script CMakeFiles/cmTC_9ea63.dir/link.txt --verbose=1
/usr/bin/cc       CMakeFiles/cmTC_9ea63.dir/feature_tests.c.o  -o cmTC_9ea63 -rdynamic 
make[1]: Leaving directory '/home/netlab/Research/ngscope-master/build/CMakeFiles/CMakeTmp'


    Feature record: C_FEATURE:1c_function_prototypes
    Feature record: C_FEATURE:0c_restrict
    Feature record: C_FEATURE:0c_static_assert
    Feature record: C_FEATURE:0c_variadic_macros
Determining if the CXX compiler works passed with the following output:
Change Dir: /home/netlab/Research/ngscope-master/build/CMakeFiles/CMakeTmp

Run Build Command:"/usr/bin/make" "cmTC_0117b/fast"
/usr/bin/make -f CMakeFiles/cmTC_0117b.dir/build.make CMakeFiles/cmTC_0117b.dir/build
make[1]: Entering directory '/home/netlab/Research/ngscope-master/build/CMakeFiles/CMakeTmp'
Building CXX object CMakeFiles/cmTC_0117b.dir/testCXXCompiler.cxx.o
/usr/bin/c++      -o CMakeFiles/cmTC_0117b.dir/testCXXCompiler.cxx.o -c /home/netlab/Research/ngscope-master/build/CMakeFiles/CMakeTmp/testCXXCompiler.cxx
Linking CXX executable cmTC_0117b
/usr/bin/cmake -E cmake_link_script CMakeFiles/cmTC_0117b.dir/link.txt --verbose=1
/usr/bin/c++        CMakeFiles/cmTC_0117b.dir/testCXXCompiler.cxx.o  -o cmTC_0117b -rdynamic 
make[1]: Leaving directory '/home/netlab/Research/ngscope-master/build/CMakeFiles/CMakeTmp'


Detecting CXX compiler ABI info compiled with the following output:
Change Dir: /home/netlab/Research/ngscope-master/build/CMakeFiles/CMakeTmp

Run Build Command:"/usr/bin/make" "cmTC_a710e/fast"
/usr/bin/make -f CMakeFiles/cmTC_a710e.dir/build.make CMakeFiles/cmTC_a710e.dir/build
make[1]: Entering directory '/home/netlab/Research/ngscope-master/build/CMakeFiles/CMakeTmp'
Building CXX object CMakeFiles/cmTC_a710e.dir/CMakeCXXCompilerABI.cpp.o
/usr/bin/c++      -o CMakeFiles/cmTC_a710e.dir/CMakeCXXCompilerABI.cpp.o -c /usr/share/cmake-3.5/Modules/CMakeCXXCompilerABI.cpp
Linking CXX executable cmTC_a710e
/usr/bin/cmake -E cmake_link_script CMakeFiles/cmTC_a710e.dir/link.txt --verbose=1
/usr/bin/c++       -v CMakeFiles/cmTC_a710e.dir/CMakeCXXCompilerABI.cpp.o  -o cmTC_a710e -rdynamic  
Using built-in specs.
COLLECT_GCC=/usr/bin/c++
COLLECT_LTO_WRAPPER=/usr/lib/gcc/x86_64-linux-gnu/5/lto-wrapper
Target: x86_64-linux-gnu
Configured with: ../src/configure -v --with-pkgversion='Ubuntu 5.4.0-6ubuntu1~16.04.12' --with-bugurl=file:///usr/share/doc/gcc-5/README.Bugs --enable-languages=c,ada,c++,java,go,d,fortran,objc,obj-c++ --prefix=/usr --program-suffix=-5 --enable-shared --enable-linker-build-id --libexecdir=/usr/lib --without-included-gettext --enable-threads=posix --libdir=/usr/lib --enable-nls --with-sysroot=/ --enable-clocale=gnu --enable-libstdcxx-debug --enable-libstdcxx-time=yes --with-default-libstdcxx-abi=new --enable-gnu-unique-object --disable-vtable-verify --enable-libmpx --enable-plugin --with-system-zlib --disable-browser-plugin --enable-java-awt=gtk --enable-gtk-cairo --with-java-home=/usr/lib/jvm/java-1.5.0-gcj-5-amd64/jre --enable-java-home --with-jvm-root-dir=/usr/lib/jvm/java-1.5.0-gcj-5-amd64 --with-jvm-jar-dir=/usr/lib/jvm-exports/java-1.5.0-gcj-5-amd64 --with-arch-directory=amd64 --with-ecj-jar=/usr/share/java/eclipse-ecj.jar --enable-objc-gc --enable-multiarch --disable-werror --with-arch-32=i686 --with-abi=m64 --with-multilib-list=m32,m64,mx32 --enable-multilib --with-tune=generic --enable-checking=release --build=x86_64-linux-gnu --host=x86_64-linux-gnu --target=x86_64-linux-gnu
Thread model: posix
gcc version 5.4.0 20160609 (Ubuntu 5.4.0-6ubuntu1~16.04.12) 
COMPILER_PATH=/usr/lib/gcc/x86_64-linux-gnu/5/:/usr/lib/gcc/x86_64-linux-gnu/5/:/usr/lib/gcc/x86_64-linux-gnu/:/usr/lib/gcc/x86_64-linux-gnu/5/:/usr/lib/gcc/x86_64-linux-gnu/
LIBRARY_PATH=/usr/lib/gcc/x86_64-linux-gnu/5/:/usr/lib/gcc/x86_64-linux-gnu/5/../../../x86_64-linux-gnu/:/usr/lib/gcc/x86_64-linux-gnu/5/../../../../lib/:/lib/x86_64-linux-gnu/:/lib/../lib/:/usr/lib/x86_64-linux-gnu/:/usr/lib/../lib/:/usr/lib/gcc/x86_64-linux-gnu/5/../../../:/lib/:/usr/lib/
COLLECT_GCC_OPTIONS='-v' '-o' 'cmTC_a710e' '-rdynamic' '-shared-libgcc' '-mtune=generic' '-march=x86-64'
 /usr/lib/gcc/x86_64-linux-gnu/5/collect2 -plugin /usr/lib/gcc/x86_64-linux-gnu/5/liblto_plugin.so -plugin-opt=/usr/lib/gcc/x86_64-linux-gnu/5/lto-wrapper -plugin-opt=-fresolution=/tmp/ccdAiSA4.res -plugin-opt=-pass-through=-lgcc_s -plugin-opt=-pass-through=-lgcc -plugin-opt=-pass-through=-lc -plugin-opt=-pass-through=-lgcc_s -plugin-opt=-pass-through=-lgcc --sysroot=/ --build-id --eh-frame-hdr -m elf_x86_64 --hash-style=gnu --as-needed -export-dynamic -dynamic-linker /lib64/ld-linux-x86-64.so.2 -z relro -o cmTC_a710e /usr/lib/gcc/x86_64-linux-gnu/5/../../../x86_64-linux-gnu/crt1.o /usr/lib/gcc/x86_64-linux-gnu/5/../../../x86_64-linux-gnu/crti.o /usr/lib/gcc/x86_64-linux-gnu/5/crtbegin.o -L/usr/lib/gcc/x86_64-linux-gnu/5 -L/usr/lib/gcc/x86_64-linux-gnu/5/../../../x86_64-linux-gnu -L/usr/lib/gcc/x86_64-linux-gnu/5/../../../../lib -L/lib/x86_64-linux-gnu -L/lib/../lib -L/usr/lib/x86_64-linux-gnu -L/usr/lib/../lib -L/usr/lib/gcc/x86_64-linux-gnu/5/../../.. CMakeFiles/cmTC_a710e.dir/CMakeCXXCompilerABI.cpp.o -lstdc++ -lm -lgcc_s -lgcc -lc -lgcc_s -lgcc /usr/lib/gcc/x86_64-linux-gnu/5/crtend.o /usr/lib/gcc/x86_64-linux-gnu/5/../../../x86_64-linux-gnu/crtn.o
make[1]: Leaving directory '/home/netlab/Research/ngscope-master/build/CMakeFiles/CMakeTmp'


Parsed CXX implicit link information from above output:
  link line regex: [^( *|.*[/\])(ld|([^/\]+-)?ld|collect2)[^/\]*( |$)]
  ignore line: [Change Dir: /home/netlab/Research/ngscope-master/build/CMakeFiles/CMakeTmp]
  ignore line: []
  ignore line: [Run Build Command:"/usr/bin/make" "cmTC_a710e/fast"]
  ignore line: [/usr/bin/make -f CMakeFiles/cmTC_a710e.dir/build.make CMakeFiles/cmTC_a710e.dir/build]
  ignore line: [make[1]: Entering directory '/home/netlab/Research/ngscope-master/build/CMakeFiles/CMakeTmp']
  ignore line: [Building CXX object CMakeFiles/cmTC_a710e.dir/CMakeCXXCompilerABI.cpp.o]
  ignore line: [/usr/bin/c++      -o CMakeFiles/cmTC_a710e.dir/CMakeCXXCompilerABI.cpp.o -c /usr/share/cmake-3.5/Modules/CMakeCXXCompilerABI.cpp]
  ignore line: [Linking CXX executable cmTC_a710e]
  ignore line: [/usr/bin/cmake -E cmake_link_script CMakeFiles/cmTC_a710e.dir/link.txt --verbose=1]
  ignore line: [/usr/bin/c++       -v CMakeFiles/cmTC_a710e.dir/CMakeCXXCompilerABI.cpp.o  -o cmTC_a710e -rdynamic  ]
  ignore line: [Using built-in specs.]
  ignore line: [COLLECT_GCC=/usr/bin/c++]
  ignore line: [COLLECT_LTO_WRAPPER=/usr/lib/gcc/x86_64-linux-gnu/5/lto-wrapper]
  ignore line: [Target: x86_64-linux-gnu]
  ignore line: [Configured with: ../src/configure -v --with-pkgversion='Ubuntu 5.4.0-6ubuntu1~16.04.12' --with-bugurl=file:///usr/share/doc/gcc-5/README.Bugs --enable-languages=c,ada,c++,java,go,d,fortran,objc,obj-c++ --prefix=/usr --program-suffix=-5 --enable-shared --enable-linker-build-id --libexecdir=/usr/lib --without-included-gettext --enable-threads=posix --libdir=/usr/lib --enable-nls --with-sysroot=/ --enable-clocale=gnu --enable-libstdcxx-debug --enable-libstdcxx-time=yes --with-default-libstdcxx-abi=new --enable-gnu-unique-object --disable-vtable-verify --enable-libmpx --enable-plugin --with-system-zlib --disable-browser-plugin --enable-java-awt=gtk --enable-gtk-cairo --with-java-home=/usr/lib/jvm/java-1.5.0-gcj-5-amd64/jre --enable-java-home --with-jvm-root-dir=/usr/lib/jvm/java-1.5.0-gcj-5-amd64 --with-jvm-jar-dir=/usr/lib/jvm-exports/java-1.5.0-gcj-5-amd64 --with-arch-directory=amd64 --with-ecj-jar=/usr/share/java/eclipse-ecj.jar --enable-objc-gc --enable-multiarch --disable-werror --with-arch-32=i686 --with-abi=m64 --with-multilib-list=m32,m64,mx32 --enable-multilib --with-tune=generic --enable-checking=release --build=x86_64-linux-gnu --host=x86_64-linux-gnu --target=x86_64-linux-gnu]
  ignore line: [Thread model: posix]
  ignore line: [gcc version 5.4.0 20160609 (Ubuntu 5.4.0-6ubuntu1~16.04.12) ]
  ignore line: [COMPILER_PATH=/usr/lib/gcc/x86_64-linux-gnu/5/:/usr/lib/gcc/x86_64-linux-gnu/5/:/usr/lib/gcc/x86_64-linux-gnu/:/usr/lib/gcc/x86_64-linux-gnu/5/:/usr/lib/gcc/x86_64-linux-gnu/]
  ignore line: [LIBRARY_PATH=/usr/lib/gcc/x86_64-linux-gnu/5/:/usr/lib/gcc/x86_64-linux-gnu/5/../../../x86_64-linux-gnu/:/usr/lib/gcc/x86_64-linux-gnu/5/../../../../lib/:/lib/x86_64-linux-gnu/:/lib/../lib/:/usr/lib/x86_64-linux-gnu/:/usr/lib/../lib/:/usr/lib/gcc/x86_64-linux-gnu/5/../../../:/lib/:/usr/lib/]
  ignore line: [COLLECT_GCC_OPTIONS='-v' '-o' 'cmTC_a710e' '-rdynamic' '-shared-libgcc' '-mtune=generic' '-march=x86-64']
  link line: [ /usr/lib/gcc/x86_64-linux-gnu/5/collect2 -plugin /usr/lib/gcc/x86_64-linux-gnu/5/liblto_plugin.so -plugin-opt=/usr/lib/gcc/x86_64-linux-gnu/5/lto-wrapper -plugin-opt=-fresolution=/tmp/ccdAiSA4.res -plugin-opt=-pass-through=-lgcc_s -plugin-opt=-pass-through=-lgcc -plugin-opt=-pass-through=-lc -plugin-opt=-pass-through=-lgcc_s -plugin-opt=-pass-through=-lgcc --sysroot=/ --build-id --eh-frame-hdr -m elf_x86_64 --hash-style=gnu --as-needed -export-dynamic -dynamic-linker /lib64/ld-linux-x86-64.so.2 -z relro -o cmTC_a710e /usr/lib/gcc/x86_64-linux-gnu/5/../../../x86_64-linux-gnu/crt1.o /usr/lib/gcc/x86_64-linux-gnu/5/../../../x86_64-linux-gnu/crti.o /usr/lib/gcc/x86_64-linux-gnu/5/crtbegin.o -L/usr/lib/gcc/x86_64-linux-gnu/5 -L/usr/lib/gcc/x86_64-linux-gnu/5/../../../x86_64-linux-gnu -L/usr/lib/gcc/x86_64-linux-gnu/5/../../../../lib -L/lib/x86_64-linux-gnu -L/lib/../lib -L/usr/lib/x86_64-linux-gnu -L/usr/lib/../lib -L/usr/lib/gcc/x86_64-linux-gnu/5/../../.. CMakeFiles/cmTC_a710e.dir/CMakeCXXCompilerABI.cpp.o -lstdc++ -lm -lgcc_s -lgcc -lc -lgcc_s -lgcc /usr/lib/gcc/x86_64-linux-gnu/5/crtend.o /usr/lib/gcc/x86_64-linux-gnu/5/../../../x86_64-linux-gnu/crtn.o]
    arg [/usr/lib/gcc/x86_64-linux-gnu/5/collect2] ==> ignore
    arg [-plugin] ==> ignore
    arg [/usr/lib/gcc/x86_64-linux-gnu/5/liblto_plugin.so] ==> ignore
    arg [-plugin-opt=/usr/lib/gcc/x86_64-linux-gnu/5/lto-wrapper] ==> ignore
    arg [-plugin-opt=-fresolution=/tmp/ccdAiSA4.res] ==> ignore
    arg [-plugin-opt=-pass-through=-lgcc_s] ==> ignore
    arg [-plugin-opt=-pass-through=-lgcc] ==> ignore
    arg [-plugin-opt=-pass-through=-lc] ==> ignore
    arg [-plugin-opt=-pass-through=-lgcc_s] ==> ignore
    arg [-plugin-opt=-pass-through=-lgcc] ==> ignore
    arg [--sysroot=/] ==> ignore
    arg [--build-id] ==> ignore
    arg [--eh-frame-hdr] ==> ignore
    arg [-m] ==> ignore
    arg [elf_x86_64] ==> ignore
    arg [--hash-style=gnu] ==> ignore
    arg [--as-needed] ==> ignore
    arg [-export-dynamic] ==> ignore
    arg [-dynamic-linker] ==> ignore
    arg [/lib64/ld-linux-x86-64.so.2] ==> ignore
    arg [-zrelro] ==> ignore
    arg [-o] ==> ignore
    arg [cmTC_a710e] ==> ignore
    arg [/usr/lib/gcc/x86_64-linux-gnu/5/../../../x86_64-linux-gnu/crt1.o] ==> ignore
    arg [/usr/lib/gcc/x86_64-linux-gnu/5/../../../x86_64-linux-gnu/crti.o] ==> ignore
    arg [/usr/lib/gcc/x86_64-linux-gnu/5/crtbegin.o] ==> ignore
    arg [-L/usr/lib/gcc/x86_64-linux-gnu/5] ==> dir [/usr/lib/gcc/x86_64-linux-gnu/5]
    arg [-L/usr/lib/gcc/x86_64-linux-gnu/5/../../../x86_64-linux-gnu] ==> dir [/usr/lib/gcc/x86_64-linux-gnu/5/../../../x86_64-linux-gnu]
    arg [-L/usr/lib/gcc/x86_64-linux-gnu/5/../../../../lib] ==> dir [/usr/lib/gcc/x86_64-linux-gnu/5/../../../../lib]
    arg [-L/lib/x86_64-linux-gnu] ==> dir [/lib/x86_64-linux-gnu]
    arg [-L/lib/../lib] ==> dir [/lib/../lib]
    arg [-L/usr/lib/x86_64-linux-gnu] ==> dir [/usr/lib/x86_64-linux-gnu]
    arg [-L/usr/lib/../lib] ==> dir [/usr/lib/../lib]
    arg [-L/usr/lib/gcc/x86_64-linux-gnu/5/../../..] ==> dir [/usr/lib/gcc/x86_64-linux-gnu/5/../../..]
    arg [CMakeFiles/cmTC_a710e.dir/CMakeCXXCompilerABI.cpp.o] ==> ignore
    arg [-lstdc++] ==> lib [stdc++]
    arg [-lm] ==> lib [m]
    arg [-lgcc_s] ==> lib [gcc_s]
    arg [-lgcc] ==> lib [gcc]
    arg [-lc] ==> lib [c]
    arg [-lgcc_s] ==> lib [gcc_s]
    arg [-lgcc] ==> lib [gcc]
    arg [/usr/lib/gcc/x86_64-linux-gnu/5/crtend.o] ==> ignore
    arg [/usr/lib/gcc/x86_64-linux-gnu/5/../../../x86_64-linux-gnu/crtn.o] ==> ignore
  remove lib [gcc_s]
  remove lib [gcc]
  remove lib [gcc_s]
  remove lib [gcc]
  collapse library dir [/usr/lib/gcc/x86_64-linux-gnu/5] ==> [/usr/lib/gcc/x86_64-linux-gnu/5]
  collapse library dir [/usr/lib/gcc/x86_64-linux-gnu/5/../../../x86_64-linux-gnu] ==> [/usr/lib/x86_64-linux-gnu]
  collapse library dir [/usr/lib/gcc/x86_64-linux-gnu/5/../../../../lib] ==> [/usr/lib]
  collapse library dir [/lib/x86_64-linux-gnu] ==> [/lib/x86_64-linux-gnu]
  collapse library dir [/lib/../lib] ==> [/lib]
  collapse library dir [/usr/lib/x86_64-linux-gnu] ==> [/usr/lib/x86_64-linux-gnu]
  collapse library dir [/usr/lib/../lib] ==> [/usr/lib]
  collapse library dir [/usr/lib/gcc/x86_64-linux-gnu/5/../../..] ==> [/usr/lib]
  implicit libs: [stdc++;m;c]
  implicit dirs: [/usr/lib/gcc/x86_64-linux-gnu/5;/usr/lib/x86_64-linux-gnu;/usr/lib;/lib/x86_64-linux-gnu;/lib]
  implicit fwks: []




Detecting CXX [-std=c++14] compiler features compiled with the following output:
Change Dir: /home/netlab/Research/ngscope-master/build/CMakeFiles/CMakeTmp

Run Build Command:"/usr/bin/make" "cmTC_df3dc/fast"
/usr/bin/make -f CMakeFiles/cmTC_df3dc.dir/build.make CMakeFiles/cmTC_df3dc.dir/build
make[1]: Entering directory '/home/netlab/Research/ngscope-master/build/CMakeFiles/CMakeTmp'
Building CXX object CMakeFiles/cmTC_df3dc.dir/feature_tests.cxx.o
/usr/bin/c++     -std=c++14 -o CMakeFiles/cmTC_df3dc.dir/feature_tests.cxx.o -c /home/netlab/Research/ngscope-master/build/CMakeFiles/feature_tests.cxx
Linking CXX executable cmTC_df3dc
/usr/bin/cmake -E cmake_link_script CMakeFiles/cmTC_df3dc.dir/link.txt --verbose=1
/usr/bin/c++        CMakeFiles/cmTC_df3dc.dir/feature_tests.cxx.o  -o cmTC_df3dc -rdynamic 
make[1]: Leaving directory '/home/netlab/Research/ngscope-master/build/CMakeFiles/CMakeTmp'


    Feature record: CXX_FEATURE:1cxx_aggregate_default_initializers
    Feature record: CXX_FEATURE:1cxx_alias_templates
    Feature record: CXX_FEATURE:1cxx_alignas
    Feature record: CXX_FEATURE:1cxx_alignof
    Feature record: CXX_FEATURE:1cxx_attributes
    Feature record: CXX_FEATURE:1cxx_attribute_deprecated
    Feature record: CXX_FEATURE:1cxx_auto_type
    Feature record: CXX_FEATURE:1cxx_binary_literals
    Feature record: CXX_FEATURE:1cxx_constexpr
    Feature record: CXX_FEATURE:1cxx_contextual_conversions
    Feature record: CXX_FEATURE:1cxx_decltype
    Feature record: CXX_FEATURE:1cxx_decltype_auto
    Feature record: CXX_FEATURE:1cxx_decltype_incomplete_return_types
    Feature record: CXX_FEATURE:1cxx_default_function_template_args
    Feature record: CXX_FEATURE:1cxx_defaulted_functions
    Feature record: CXX_FEATURE:1cxx_defaulted_move_initializers
    Feature record: CXX_FEATURE:1cxx_delegating_constructors
    Feature record: CXX_FEATURE:1cxx_deleted_functions
    Feature record: CXX_FEATURE:1cxx_digit_separators
    Feature record: CXX_FEATURE:1cxx_enum_forward_declarations
    Feature record: CXX_FEATURE:1cxx_explicit_conversions
    Feature record: CXX_FEATURE:1cxx_extended_friend_declarations
    Feature record: CXX_FEATURE:1cxx_extern_templates
    Feature record: CXX_FEATURE:1cxx_final
    Feature record: CXX_FEATURE:1cxx_func_identifier
    Feature record: CXX_FEATURE:1cxx_generalized_initializers
    Feature record: CXX_FEATURE:1cxx_generic_lambdas
    Feature record: CXX_FEATURE:1cxx_inheriting_constructors
    Feature record: CXX_FEATURE:1cxx_inline_namespaces
    Feature record: CXX_FEATURE:1cxx_lambdas
    Feature record: CXX_FEATURE:1cxx_lambda_init_captures
    Feature record: CXX_FEATURE:1cxx_local_type_template_args
    Feature record: CXX_FEATURE:1cxx_long_long_type
    Feature record: CXX_FEATURE:1cxx_noexcept
    Feature record: CXX_FEATURE:1cxx_nonstatic_member_init
    Feature record: CXX_FEATURE:1cxx_nullptr
    Feature record: CXX_FEATURE:1cxx_override
    Feature record: CXX_FEATURE:1cxx_range_for
    Feature record: CXX_FEATURE:1cxx_raw_string_literals
    Feature record: CXX_FEATURE:1cxx_reference_qualified_functions
    Feature record: CXX_FEATURE:1cxx_relaxed_constexpr
    Feature record: CXX_FEATURE:1cxx_return_type_deduction
    Feature record: CXX_FEATURE:1cxx_right_angle_brackets
    Feature record: CXX_FEATURE:1cxx_rvalue_references
    Feature record: CXX_FEATURE:1cxx_sizeof_member
    Feature record: CXX_FEATURE:1cxx_static_assert
    Feature record: CXX_FEATURE:1cxx_strong_enums
    Feature record: CXX_FEATURE:1cxx_template_template_parameters
    Feature record: CXX_FEATURE:1cxx_thread_local
    Feature record: CXX_FEATURE:1cxx_trailing_return_types
    Feature record: CXX_FEATURE:1cxx_unicode_literals
    Feature record: CXX_FEATURE:1cxx_uniform_initialization
    Feature record: CXX_FEATURE:1cxx_unrestricted_unions
    Feature record: CXX_FEATURE:1cxx_user_literals
    Feature record: CXX_FEATURE:1cxx_variable_templates
    Feature record: CXX_FEATURE:1cxx_variadic_macros
    Feature record: CXX_FEATURE:1cxx_variadic_templates


Detecting CXX [-std=c++11] compiler features compiled with the following output:
Change Dir: /home/netlab/Research/ngscope-master/build/CMakeFiles/CMakeTmp

Run Build Command:"/usr/bin/make" "cmTC_82036/fast"
/usr/bin/make -f CMakeFiles/cmTC_82036.dir/build.make CMakeFiles/cmTC_82036.dir/build
make[1]: Entering directory '/home/netlab/Research/ngscope-master/build/CMakeFiles/CMakeTmp'
Building CXX object CMakeFiles/cmTC_82036.dir/feature_tests.cxx.o
/usr/bin/c++     -std=c++11 -o CMakeFiles/cmTC_82036.dir/feature_tests.cxx.o -c /home/netlab/Research/ngscope-master/build/CMakeFiles/feature_tests.cxx
Linking CXX executable cmTC_82036
/usr/bin/cmake -E cmake_link_script CMakeFiles/cmTC_82036.dir/link.txt --verbose=1
/usr/bin/c++        CMakeFiles/cmTC_82036.dir/feature_tests.cxx.o  -o cmTC_82036 -rdynamic 
make[1]: Leaving directory '/home/netlab/Research/ngscope-master/build/CMakeFiles/CMakeTmp'


    Feature record: CXX_FEATURE:0cxx_aggregate_default_initializers
    Feature record: CXX_FEATURE:1cxx_alias_templates
    Feature record: CXX_FEATURE:1cxx_alignas
    Feature record: CXX_FEATURE:1cxx_alignof
    Feature record: CXX_FEATURE:1cxx_attributes
    Feature record: CXX_FEATURE:0cxx_attribute_deprecated
    Feature record: CXX_FEATURE:1cxx_auto_type
    Feature record: CXX_FEATURE:0cxx_binary_literals
    Feature record: CXX_FEATURE:1cxx_constexpr
    Feature record: CXX_FEATURE:0cxx_contextual_conversions
    Feature record: CXX_FEATURE:1cxx_decltype
    Feature record: CXX_FEATURE:0cxx_decltype_auto
    Feature record: CXX_FEATURE:1cxx_decltype_incomplete_return_types
    Feature record: CXX_FEATURE:1cxx_default_function_template_args
    Feature record: CXX_FEATURE:1cxx_defaulted_functions
    Feature record: CXX_FEATURE:1cxx_defaulted_move_initializers
    Feature record: CXX_FEATURE:1cxx_delegating_constructors
    Feature record: CXX_FEATURE:1cxx_deleted_functions
    Feature record: CXX_FEATURE:0cxx_digit_separators
    Feature record: CXX_FEATURE:1cxx_enum_forward_declarations
    Feature record: CXX_FEATURE:1cxx_explicit_conversions
    Feature record: CXX_FEATURE:1cxx_extended_friend_declarations
    Feature record: CXX_FEATURE:1cxx_extern_templates
    Feature record: CXX_FEATURE:1cxx_final
    Feature record: CXX_FEATURE:1cxx_func_identifier
    Feature record: CXX_FEATURE:1cxx_generalized_initializers
    Feature record: CXX_FEATURE:0cxx_generic_lambdas
    Feature record: CXX_FEATURE:1cxx_inheriting_constructors
    Feature record: CXX_FEATURE:1cxx_inline_namespaces
    Feature record: CXX_FEATURE:1cxx_lambdas
    Feature record: CXX_FEATURE:0cxx_lambda_init_captures
    Feature record: CXX_FEATURE:1cxx_local_type_template_args
    Feature record: CXX_FEATURE:1cxx_long_long_type
    Feature record: CXX_FEATURE:1cxx_noexcept
    Feature record: CXX_FEATURE:1cxx_nonstatic_member_init
    Feature record: CXX_FEATURE:1cxx_nullptr
    Feature record: CXX_FEATURE:1cxx_override
    Feature record: CXX_FEATURE:1cxx_range_for
    Feature record: CXX_FEATURE:1cxx_raw_string_literals
    Feature record: CXX_FEATURE:1cxx_reference_qualified_functions
    Feature record: CXX_FEATURE:0cxx_relaxed_constexpr
    Feature record: CXX_FEATURE:0cxx_return_type_deduction
    Feature record: CXX_FEATURE:1cxx_right_angle_brackets
    Feature record: CXX_FEATURE:1cxx_rvalue_references
    Feature record: CXX_FEATURE:1cxx_sizeof_member
    Feature record: CXX_FEATURE:1cxx_static_assert
    Feature record: CXX_FEATURE:1cxx_strong_enums
    Feature record: CXX_FEATURE:1cxx_template_template_parameters
    Feature record: CXX_FEATURE:1cxx_thread_local
    Feature record: CXX_FEATURE:1cxx_trailing_return_types
    Feature record: CXX_FEATURE:1cxx_unicode_literals
    Feature record: CXX_FEATURE:1cxx_uniform_initialization
    Feature record: CXX_FEATURE:1cxx_unrestricted_unions
    Feature record: CXX_FEATURE:1cxx_user_literals
    Feature record: CXX_FEATURE:0cxx_variable_templates
    Feature record: CXX_FEATURE:1cxx_variadic_macros
    Feature record: CXX_FEATURE:1cxx_variadic_templates


Detecting CXX [-std=c++98] compiler features compiled with the following output:
Change Dir: /home/netlab/Research/ngscope-master/build/CMakeFiles/CMakeTmp

Run Build Command:"/usr/bin/make" "cmTC_54b7e/fast"
/usr/bin/make -f CMakeFiles/cmTC_54b7e.dir/build.make CMakeFiles/cmTC_54b7e.dir/build
make[1]: Entering directory '/home/netlab/Research/ngscope-master/build/CMakeFiles/CMakeTmp'
Building CXX object CMakeFiles/cmTC_54b7e.dir/feature_tests.cxx.o
/usr/bin/c++     -std=c++98 -o CMakeFiles/cmTC_54b7e.dir/feature_tests.cxx.o -c /home/netlab/Research/ngscope-master/build/CMakeFiles/feature_tests.cxx
Linking CXX executable cmTC_54b7e
/usr/bin/cmake -E cmake_link_script CMakeFiles/cmTC_54b7e.dir/link.txt --verbose=1
/usr/bin/c++        CMakeFiles/cmTC_54b7e.dir/feature_tests.cxx.o  -o cmTC_54b7e -rdynamic 
make[1]: Leaving directory '/home/netlab/Research/ngscope-master/build/CMakeFiles/CMakeTmp'


    Feature record: CXX_FEATURE:0cxx_aggregate_default_initializers
    Feature record: CXX_FEATURE:0cxx_alias_templates
    Feature record: CXX_FEATURE:0cxx_alignas
    Feature record: CXX_FEATURE:0cxx_alignof
    Feature record: CXX_FEATURE:0cxx_attributes
    Feature record: CXX_FEATURE:0cxx_attribute_deprecated
    Feature record: CXX_FEATURE:0cxx_auto_type
    Feature record: CXX_FEATURE:0cxx_binary_literals
    Feature record: CXX_FEATURE:0cxx_constexpr
    Feature record: CXX_FEATURE:0cxx_contextual_conversions
    Feature record: CXX_FEATURE:0cxx_decltype
    Feature record: CXX_FEATURE:0cxx_decltype_auto
    Feature record: CXX_FEATURE:0cxx_decltype_incomplete_return_types
    Feature record: CXX_FEATURE:0cxx_default_function_template_args
    Feature record: CXX_FEATURE:0cxx_defaulted_functions
    Feature record: CXX_FEATURE:0cxx_defaulted_move_initializers
    Feature record: CXX_FEATURE:0cxx_delegating_constructors
    Feature record: CXX_FEATURE:0cxx_deleted_functions
    Feature record: CXX_FEATURE:0cxx_digit_separators
    Feature record: CXX_FEATURE:0cxx_enum_forward_declarations
    Feature record: CXX_FEATURE:0cxx_explicit_conversions
    Feature record: CXX_FEATURE:0cxx_extended_friend_declarations
    Feature record: CXX_FEATURE:0cxx_extern_templates
    Feature record: CXX_FEATURE:0cxx_final
    Feature record: CXX_FEATURE:0cxx_func_identifier
    Feature record: CXX_FEATURE:0cxx_generalized_initializers
    Feature record: CXX_FEATURE:0cxx_generic_lambdas
    Feature record: CXX_FEATURE:0cxx_inheriting_constructors
    Feature record: CXX_FEATURE:0cxx_inline_namespaces
    Feature record: CXX_FEATURE:0cxx_lambdas
    Feature record: CXX_FEATURE:0cxx_lambda_init_captures
    Feature record: CXX_FEATURE:0cxx_local_type_template_args
    Feature record: CXX_FEATURE:0cxx_long_long_type
    Feature record: CXX_FEATURE:0cxx_noexcept
    Feature record: CXX_FEATURE:0cxx_nonstatic_member_init
    Feature record: CXX_FEATURE:0cxx_nullptr
    Feature record: CXX_FEATURE:0cxx_override
    Feature record: CXX_FEATURE:0cxx_range_for
    Feature record: CXX_FEATURE:0cxx_raw_string_literals
    Feature record: CXX_FEATURE:0cxx_reference_qualified_functions
    Feature record: CXX_FEATURE:0cxx_relaxed_constexpr
    Feature record: CXX_FEATURE:0cxx_return_type_deduction
    Feature record: CXX_FEATURE:0cxx_right_angle_brackets
    Feature record: CXX_FEATURE:0cxx_rvalue_references
    Feature record: CXX_FEATURE:0cxx_sizeof_member
    Feature record: CXX_FEATURE:0cxx_static_assert
    Feature record: CXX_FEATURE:0cxx_strong_enums
    Feature record: CXX_FEATURE:1cxx_template_template_parameters
    Feature record: CXX_FEATURE:0cxx_thread_local
    Feature record: CXX_FEATURE:0cxx_trailing_return_types
    Feature record: CXX_FEATURE:0cxx_unicode_literals
    Feature record: CXX_FEATURE:0cxx_uniform_initialization
    Feature record: CXX_FEATURE:0cxx_unrestricted_unions
    Feature record: CXX_FEATURE:0cxx_user_literals
    Feature record: CXX_FEATURE:0cxx_variable_templates
    Feature record: CXX_FEATURE:0cxx_variadic_macros
    Feature record: CXX_FEATURE:0cxx_variadic_templates
Performing C++ SOURCE FILE Test HAVE_CXX_ATOMICS_WITHOUT_LIB succeeded with the following output:
Change Dir: /home/netlab/Research/ngscope-master/build/CMakeFiles/CMakeTmp

Run Build Command:"/usr/bin/make" "cmTC_35d2b/fast"
/usr/bin/make -f CMakeFiles/cmTC_35d2b.dir/build.make CMakeFiles/cmTC_35d2b.dir/build
make[1]: Entering directory '/home/netlab/Research/ngscope-master/build/CMakeFiles/CMakeTmp'
Building CXX object CMakeFiles/cmTC_35d2b.dir/src.cxx.o
/usr/bin/c++     -DHAVE_CXX_ATOMICS_WITHOUT_LIB  -std=c++11   -o CMakeFiles/cmTC_35d2b.dir/src.cxx.o -c /home/netlab/Research/ngscope-master/build/CMakeFiles/CMakeTmp/src.cxx
Linking CXX executable cmTC_35d2b
/usr/bin/cmake -E cmake_link_script CMakeFiles/cmTC_35d2b.dir/link.txt --verbose=1
/usr/bin/c++    -DHAVE_CXX_ATOMICS_WITHOUT_LIB  -std=c++11    CMakeFiles/cmTC_35d2b.dir/src.cxx.o  -o cmTC_35d2b -rdynamic 
make[1]: Leaving directory '/home/netlab/Research/ngscope-master/build/CMakeFiles/CMakeTmp'

Source file was:

#include <atomic>
std::atomic<int> x;
int main() {
return std::atomic_is_lock_free(&x);
}

Performing C++ SOURCE FILE Test HAVE_CXX_ATOMICS64_WITHOUT_LIB succeeded with the following output:
Change Dir: /home/netlab/Research/ngscope-master/build/CMakeFiles/CMakeTmp

Run Build Command:"/usr/bin/make" "cmTC_a775f/fast"
/usr/bin/make -f CMakeFiles/cmTC_a775f.dir/build.make CMakeFiles/cmTC_a775f.dir/build
make[1]: Entering directory '/home/netlab/Research/ngscope-master/build/CMakeFiles/CMakeTmp'
Building CXX object CMakeFiles/cmTC_a775f.dir/src.cxx.o
/usr/bin/c++     -DHAVE_CXX_ATOMICS64_WITHOUT_LIB -std=c++11   -o CMakeFiles/cmTC_a775f.dir/src.cxx.o -c /home/netlab/Research/ngscope-master/build/CMakeFiles/CMakeTmp/src.cxx
Linking CXX executable cmTC_a775f
/usr/bin/cmake -E cmake_link_script CMakeFiles/cmTC_a775f.dir/link.txt --verbose=1
/usr/bin/c++    -DHAVE_CXX_ATOMICS64_WITHOUT_LIB -std=c++11    CMakeFiles/cmTC_a775f.dir/src.cxx.o  -o cmTC_a775f -rdynamic 
make[1]: Leaving directory '/home/netlab/Research/ngscope-master/build/CMakeFiles/CMakeTmp'

Source file was:

#include <atomic>
#include <cstdint>
std::atomic<uint64_t> x (0);
int main() {
uint64_t i = x.load(std::memory_order_relaxed);
return std::atomic_is_lock_free(&x);
}

Determining if the include file pthread.h exists passed with the following output:
Change Dir: /home/netlab/Research/ngscope-master/build/CMakeFiles/CMakeTmp

Run Build Command:"/usr/bin/make" "cmTC_02588/fast"
/usr/bin/make -f CMakeFiles/cmTC_02588.dir/build.make CMakeFiles/cmTC_02588.dir/build
make[1]: Entering directory '/home/netlab/Research/ngscope-master/build/CMakeFiles/CMakeTmp'
Building C object CMakeFiles/cmTC_02588.dir/CheckIncludeFile.c.o
/usr/bin/cc     -o CMakeFiles/cmTC_02588.dir/CheckIncludeFile.c.o   -c /home/netlab/Research/ngscope-master/build/CMakeFiles/CMakeTmp/CheckIncludeFile.c
Linking C executable cmTC_02588
/usr/bin/cmake -E cmake_link_script CMakeFiles/cmTC_02588.dir/link.txt --verbose=1
/usr/bin/cc       CMakeFiles/cmTC_02588.dir/CheckIncludeFile.c.o  -o cmTC_02588 -rdynamic 
make[1]: Leaving directory '/home/netlab/Research/ngscope-master/build/CMakeFiles/CMakeTmp'


Determining if the function pthread_create exists in the pthread passed with the following output:
Change Dir: /home/netlab/Research/ngscope-master/build/CMakeFiles/CMakeTmp

Run Build Command:"/usr/bin/make" "cmTC_55e05/fast"
/usr/bin/make -f CMakeFiles/cmTC_55e05.dir/build.make CMakeFiles/cmTC_55e05.dir/build
make[1]: Entering directory '/home/netlab/Research/ngscope-master/build/CMakeFiles/CMakeTmp'
Building C object CMakeFiles/cmTC_55e05.dir/CheckFunctionExists.c.o
/usr/bin/cc    -DCHECK_FUNCTION_EXISTS=pthread_create   -o CMakeFiles/cmTC_55e05.dir/CheckFunctionExists.c.o   -c /usr/share/cmake-3.5/Modules/CheckFunctionExists.c
Linking C executable cmTC_55e05
/usr/bin/cmake -E cmake_link_script CMakeFiles/cmTC_55e05.dir/link.txt --verbose=1
/usr/bin/cc   -DCHECK_FUNCTION_EXISTS=pthread_create    CMakeFiles/cmTC_55e05.dir/CheckFunctionExists.c.o  -o cmTC_55e05 -rdynamic -lpthread 
make[1]: Leaving directory '/home/netlab/Research/ngscope-master/build/CMakeFiles/CMakeTmp'


Performing C++ SOURCE FILE Test UHD_ENABLE_RFNOC succeeded with the following output:
Change Dir: /home/netlab/Research/ngscope-master/build/CMakeFiles/CMakeTmp

Run Build Command:"/usr/bin/make" "cmTC_fc754/fast"
/usr/bin/make -f CMakeFiles/cmTC_fc754.dir/build.make CMakeFiles/cmTC_fc754.dir/build
make[1]: Entering directory '/home/netlab/Research/ngscope-master/build/CMakeFiles/CMakeTmp'
Building CXX object CMakeFiles/cmTC_fc754.dir/src.cxx.o
/usr/bin/c++     -DUHD_ENABLE_RFNOC  -L/usr/lib/x86_64-linux-gnu   -o CMakeFiles/cmTC_fc754.dir/src.cxx.o -c /home/netlab/Research/ngscope-master/build/CMakeFiles/CMakeTmp/src.cxx
Linking CXX executable cmTC_fc754
/usr/bin/cmake -E cmake_link_script CMakeFiles/cmTC_fc754.dir/link.txt --verbose=1
/usr/bin/c++    -DUHD_ENABLE_RFNOC  -L/usr/lib/x86_64-linux-gnu    CMakeFiles/cmTC_fc754.dir/src.cxx.o  -o cmTC_fc754 -rdynamic -luhd -lboost_program_options -lboost_system 
make[1]: Leaving directory '/home/netlab/Research/ngscope-master/build/CMakeFiles/CMakeTmp'

Source file was:
#include <uhd.h>
    #include <uhd/device3.hpp>
    #include <uhd/rfnoc/ddc_block_ctrl.hpp>
    #include <uhd/rfnoc/radio_ctrl.hpp>

    static uhd::device3::sptr device3;
    static uhd::rfnoc::ddc_block_ctrl::sptr ddc_ctrl;
    static uhd::rfnoc::radio_ctrl::sptr radio_ctrl;

    uhd_error try_device3_ddc_ctrl()
    {
      ddc_ctrl = device3->get_block_ctrl<uhd::rfnoc::ddc_block_ctrl>(uhd::rfnoc::block_id_t("DDC_0"));
      return UHD_ERROR_NONE;
    }

    uhd_error try_device3_radio_ctrl()
    {
      radio_ctrl = device3->get_block_ctrl<uhd::rfnoc::radio_ctrl>(uhd::rfnoc::block_id_t("Radio_0"));
      return UHD_ERROR_NONE;
    }

    int main(int argc, char** argv)
    {
      try_device3_ddc_ctrl();
      try_device3_radio_ctrl();
      return 0;
    }
Performing C SOURCE FILE Test HAVE_WNO_UNUSED_BUT_SET_VARIABLE succeeded with the following output:
Change Dir: /home/netlab/Research/ngscope-master/build/CMakeFiles/CMakeTmp

Run Build Command:"/usr/bin/make" "cmTC_a4554/fast"
/usr/bin/make -f CMakeFiles/cmTC_a4554.dir/build.make CMakeFiles/cmTC_a4554.dir/build
make[1]: Entering directory '/home/netlab/Research/ngscope-master/build/CMakeFiles/CMakeTmp'
Building C object CMakeFiles/cmTC_a4554.dir/src.c.o
/usr/bin/cc    -DHAVE_WNO_UNUSED_BUT_SET_VARIABLE   -Wno-unused-but-set-variable -o CMakeFiles/cmTC_a4554.dir/src.c.o   -c /home/netlab/Research/ngscope-master/build/CMakeFiles/CMakeTmp/src.c
Linking C executable cmTC_a4554
/usr/bin/cmake -E cmake_link_script CMakeFiles/cmTC_a4554.dir/link.txt --verbose=1
/usr/bin/cc   -DHAVE_WNO_UNUSED_BUT_SET_VARIABLE    CMakeFiles/cmTC_a4554.dir/src.c.o  -o cmTC_a4554 -rdynamic 
make[1]: Leaving directory '/home/netlab/Research/ngscope-master/build/CMakeFiles/CMakeTmp'

Source file was:
int main(void) { return 0; }
Performing C SOURCE FILE Test HAVE_SSE succeeded with the following output:
Change Dir: /home/netlab/Research/ngscope-master/build/CMakeFiles/CMakeTmp

Run Build Command:"/usr/bin/make" "cmTC_1fcf1/fast"
/usr/bin/make -f CMakeFiles/cmTC_1fcf1.dir/build.make CMakeFiles/cmTC_1fcf1.dir/build
make[1]: Entering directory '/home/netlab/Research/ngscope-master/build/CMakeFiles/CMakeTmp'
Building C object CMakeFiles/cmTC_1fcf1.dir/src.c.o
/usr/bin/cc    -Wno-unused-but-set-variable -DHAVE_SSE -msse4.1   -o CMakeFiles/cmTC_1fcf1.dir/src.c.o   -c /home/netlab/Research/ngscope-master/build/CMakeFiles/CMakeTmp/src.c
Linking C executable cmTC_1fcf1
/usr/bin/cmake -E cmake_link_script CMakeFiles/cmTC_1fcf1.dir/link.txt --verbose=1
/usr/bin/cc   -Wno-unused-but-set-variable -DHAVE_SSE -msse4.1    CMakeFiles/cmTC_1fcf1.dir/src.c.o  -o cmTC_1fcf1 -rdynamic 
make[1]: Leaving directory '/home/netlab/Research/ngscope-master/build/CMakeFiles/CMakeTmp'

Return value: 1
Source file was:

        #include <emmintrin.h>
        #include <smmintrin.h>

        int main()
        {
        __m128i a = _mm_setzero_si128();
        __m128i b = _mm_minpos_epu16(a);
        return 0;
        }
Performing C SOURCE FILE Test HAVE_AVX succeeded with the following output:
Change Dir: /home/netlab/Research/ngscope-master/build/CMakeFiles/CMakeTmp

Run Build Command:"/usr/bin/make" "cmTC_2202b/fast"
/usr/bin/make -f CMakeFiles/cmTC_2202b.dir/build.make CMakeFiles/cmTC_2202b.dir/build
make[1]: Entering directory '/home/netlab/Research/ngscope-master/build/CMakeFiles/CMakeTmp'
Building C object CMakeFiles/cmTC_2202b.dir/src.c.o
/usr/bin/cc    -Wno-unused-but-set-variable -DHAVE_AVX -mavx   -o CMakeFiles/cmTC_2202b.dir/src.c.o   -c /home/netlab/Research/ngscope-master/build/CMakeFiles/CMakeTmp/src.c
Linking C executable cmTC_2202b
/usr/bin/cmake -E cmake_link_script CMakeFiles/cmTC_2202b.dir/link.txt --verbose=1
/usr/bin/cc   -Wno-unused-but-set-variable -DHAVE_AVX -mavx    CMakeFiles/cmTC_2202b.dir/src.c.o  -o cmTC_2202b -rdynamic 
make[1]: Leaving directory '/home/netlab/Research/ngscope-master/build/CMakeFiles/CMakeTmp'

Return value: 1
Source file was:

            #include <immintrin.h>
            int main()
            {
              __m256 a, b, c;
              const float src[8] = { 1.0f, 2.0f, 3.0f, 4.0f, 5.0f, 6.0f, 7.0f, 8.0f };
              float dst[8];
              a = _mm256_loadu_ps( src );
              b = _mm256_loadu_ps( src );
              c = _mm256_add_ps( a, b );
              _mm256_storeu_ps( dst, c );
              int i = 0;
              for( i = 0; i < 8; i++ ){
                if( ( src[i] + src[i] ) != dst[i] ){
                  return -1;
                }
              }
              return 0;
            }
Performing C SOURCE FILE Test HAVE_AVX2 succeeded with the following output:
Change Dir: /home/netlab/Research/ngscope-master/build/CMakeFiles/CMakeTmp

Run Build Command:"/usr/bin/make" "cmTC_8b41f/fast"
/usr/bin/make -f CMakeFiles/cmTC_8b41f.dir/build.make CMakeFiles/cmTC_8b41f.dir/build
make[1]: Entering directory '/home/netlab/Research/ngscope-master/build/CMakeFiles/CMakeTmp'
Building C object CMakeFiles/cmTC_8b41f.dir/src.c.o
/usr/bin/cc    -Wno-unused-but-set-variable -DHAVE_AVX2 -mavx2   -o CMakeFiles/cmTC_8b41f.dir/src.c.o   -c /home/netlab/Research/ngscope-master/build/CMakeFiles/CMakeTmp/src.c
Linking C executable cmTC_8b41f
/usr/bin/cmake -E cmake_link_script CMakeFiles/cmTC_8b41f.dir/link.txt --verbose=1
/usr/bin/cc   -Wno-unused-but-set-variable -DHAVE_AVX2 -mavx2    CMakeFiles/cmTC_8b41f.dir/src.c.o  -o cmTC_8b41f -rdynamic 
make[1]: Leaving directory '/home/netlab/Research/ngscope-master/build/CMakeFiles/CMakeTmp'

Return value: 1
Source file was:

          #include <immintrin.h>
          int main()
          {
            __m256i a, b, c;
            const int src[8] = { 1, 2, 3, 4, 5, 6, 7, 8 };
            int dst[8];
            a =  _mm256_loadu_si256( (__m256i*)src );
            b =  _mm256_loadu_si256( (__m256i*)src );
            c = _mm256_add_epi32( a, b );
            _mm256_storeu_si256( (__m256i*)dst, c );
            int i = 0;
            for( i = 0; i < 8; i++ ){
              if( ( src[i] + src[i] ) != dst[i] ){
                return -1;
              }
            }
            return 0;
          }
Performing C SOURCE FILE Test HAVE_FMA succeeded with the following output:
Change Dir: /home/netlab/Research/ngscope-master/build/CMakeFiles/CMakeTmp

Run Build Command:"/usr/bin/make" "cmTC_61813/fast"
/usr/bin/make -f CMakeFiles/cmTC_61813.dir/build.make CMakeFiles/cmTC_61813.dir/build
make[1]: Entering directory '/home/netlab/Research/ngscope-master/build/CMakeFiles/CMakeTmp'
Building C object CMakeFiles/cmTC_61813.dir/src.c.o
/usr/bin/cc    -Wno-unused-but-set-variable -DHAVE_FMA -mfma   -o CMakeFiles/cmTC_61813.dir/src.c.o   -c /home/netlab/Research/ngscope-master/build/CMakeFiles/CMakeTmp/src.c
Linking C executable cmTC_61813
/usr/bin/cmake -E cmake_link_script CMakeFiles/cmTC_61813.dir/link.txt --verbose=1
/usr/bin/cc   -Wno-unused-but-set-variable -DHAVE_FMA -mfma    CMakeFiles/cmTC_61813.dir/src.c.o  -o cmTC_61813 -rdynamic 
make[1]: Leaving directory '/home/netlab/Research/ngscope-master/build/CMakeFiles/CMakeTmp'

Return value: 1
Source file was:

            #include <immintrin.h>
            int main()
            {
              __m256 a, b, c, r;
              const float src[8] = { 1.0f, 2.0f, 3.0f, 4.0f, 5.0f, 6.0f, 7.0f, 8.0f };
              float dst[8];
              a = _mm256_loadu_ps( src );
              b = _mm256_loadu_ps( src );
              c = _mm256_loadu_ps( src );
              r = _mm256_fmadd_ps( a, b, c );
              _mm256_storeu_ps( dst, r );
              int i = 0;
              for( i = 0; i < 8; i++ ){
                if( ( src[i] * src[i] + src[i] ) != dst[i] ){
                  return -1;
                }
              }
              return 0;
            }
Performing C SOURCE FILE Test HAVE_MARCH_native succeeded with the following output:
Change Dir: /home/netlab/Research/ngscope-master/build/CMakeFiles/CMakeTmp

Run Build Command:"/usr/bin/make" "cmTC_92439/fast"
/usr/bin/make -f CMakeFiles/cmTC_92439.dir/build.make CMakeFiles/cmTC_92439.dir/build
make[1]: Entering directory '/home/netlab/Research/ngscope-master/build/CMakeFiles/CMakeTmp'
Building C object CMakeFiles/cmTC_92439.dir/src.c.o
/usr/bin/cc    -Wno-unused-but-set-variable -DHAVE_MARCH_native -mavx512f -mavx512cd -mavx512bw -mavx512dq -DLV_HAVE_AVX512   -march=native -o CMakeFiles/cmTC_92439.dir/src.c.o   -c /home/netlab/Research/ngscope-master/build/CMakeFiles/CMakeTmp/src.c
Linking C executable cmTC_92439
/usr/bin/cmake -E cmake_link_script CMakeFiles/cmTC_92439.dir/link.txt --verbose=1
/usr/bin/cc   -Wno-unused-but-set-variable -DHAVE_MARCH_native -mavx512f -mavx512cd -mavx512bw -mavx512dq -DLV_HAVE_AVX512    CMakeFiles/cmTC_92439.dir/src.c.o  -o cmTC_92439 -rdynamic 
make[1]: Leaving directory '/home/netlab/Research/ngscope-master/build/CMakeFiles/CMakeTmp'

Source file was:
int main(void) { return 0; }
Performing C++ SOURCE FILE Test HAVE_VISIBILITY_HIDDEN_CXX succeeded with the following output:
Change Dir: /home/netlab/Research/ngscope-master/build/CMakeFiles/CMakeTmp

Run Build Command:"/usr/bin/make" "cmTC_cdc88/fast"
/usr/bin/make -f CMakeFiles/cmTC_cdc88.dir/build.make CMakeFiles/cmTC_cdc88.dir/build
make[1]: Entering directory '/home/netlab/Research/ngscope-master/build/CMakeFiles/CMakeTmp'
Building CXX object CMakeFiles/cmTC_cdc88.dir/src.cxx.o
/usr/bin/c++     -Wall -Wno-comment -Wno-reorder -Wno-unused-variable -Wtype-limits -std=c++11 -fno-strict-aliasing -Wno-unused-but-set-variable -march=native -mfpmath=sse -mavx2 -DLV_HAVE_AVX2 -DLV_HAVE_AVX -DLV_HAVE_SSE -DHAVE_VISIBILITY_HIDDEN_CXX -mavx512f -mavx512cd -mavx512bw -mavx512dq -DLV_HAVE_AVX512   -fvisibility=hidden -o CMakeFiles/cmTC_cdc88.dir/src.cxx.o -c /home/netlab/Research/ngscope-master/build/CMakeFiles/CMakeTmp/src.cxx
Linking CXX executable cmTC_cdc88
/usr/bin/cmake -E cmake_link_script CMakeFiles/cmTC_cdc88.dir/link.txt --verbose=1
/usr/bin/c++    -Wall -Wno-comment -Wno-reorder -Wno-unused-variable -Wtype-limits -std=c++11 -fno-strict-aliasing -Wno-unused-but-set-variable -march=native -mfpmath=sse -mavx2 -DLV_HAVE_AVX2 -DLV_HAVE_AVX -DLV_HAVE_SSE -DHAVE_VISIBILITY_HIDDEN_CXX -mavx512f -mavx512cd -mavx512bw -mavx512dq -DLV_HAVE_AVX512    CMakeFiles/cmTC_cdc88.dir/src.cxx.o  -o cmTC_cdc88 -rdynamic 
make[1]: Leaving directory '/home/netlab/Research/ngscope-master/build/CMakeFiles/CMakeTmp'

Source file was:
int main() { return 0; }
Performing C SOURCE FILE Test HAVE_ERROR_INCOMPATIBLE succeeded with the following output:
Change Dir: /home/netlab/Research/ngscope-master/build/CMakeFiles/CMakeTmp

Run Build Command:"/usr/bin/make" "cmTC_46721/fast"
/usr/bin/make -f CMakeFiles/cmTC_46721.dir/build.make CMakeFiles/cmTC_46721.dir/build
make[1]: Entering directory '/home/netlab/Research/ngscope-master/build/CMakeFiles/CMakeTmp'
Building C object CMakeFiles/cmTC_46721.dir/src.c.o
/usr/bin/cc    -Wno-unused-but-set-variable -march=native -DHAVE_ERROR_INCOMPATIBLE -mavx512f -mavx512cd -mavx512bw -mavx512dq -DLV_HAVE_AVX512   -Werror=incompatible-pointer-types -o CMakeFiles/cmTC_46721.dir/src.c.o   -c /home/netlab/Research/ngscope-master/build/CMakeFiles/CMakeTmp/src.c
Linking C executable cmTC_46721
/usr/bin/cmake -E cmake_link_script CMakeFiles/cmTC_46721.dir/link.txt --verbose=1
/usr/bin/cc   -Wno-unused-but-set-variable -march=native -DHAVE_ERROR_INCOMPATIBLE -mavx512f -mavx512cd -mavx512bw -mavx512dq -DLV_HAVE_AVX512    CMakeFiles/cmTC_46721.dir/src.c.o  -o cmTC_46721 -rdynamic 
make[1]: Leaving directory '/home/netlab/Research/ngscope-master/build/CMakeFiles/CMakeTmp'

Source file was:
int main(void) { return 0; }
Performing C SOURCE FILE Test HAVE_VISIBILITY_HIDDEN_C succeeded with the following output:
Change Dir: /home/netlab/Research/ngscope-master/build/CMakeFiles/CMakeTmp

Run Build Command:"/usr/bin/make" "cmTC_81628/fast"
/usr/bin/make -f CMakeFiles/cmTC_81628.dir/build.make CMakeFiles/cmTC_81628.dir/build
make[1]: Entering directory '/home/netlab/Research/ngscope-master/build/CMakeFiles/CMakeTmp'
Building C object CMakeFiles/cmTC_81628.dir/src.c.o
/usr/bin/cc    -Wno-unused-but-set-variable -march=native -Werror=incompatible-pointer-types -Wall -Wno-comment -Wno-write-strings -Wno-unused-result -Wformat -Wmissing-field-initializers -Wtype-limits -std=c99 -fno-strict-aliasing -D_GNU_SOURCE -O3 -fno-trapping-math -fno-math-errno -DBUILD_TYPE_RELEASE -mfpmath=sse -mavx2 -DLV_HAVE_AVX2 -DLV_HAVE_AVX -DLV_HAVE_SSE -mfma -DLV_HAVE_FMA -Ofast -funroll-loops -DHAVE_VISIBILITY_HIDDEN_C  -Wno-unused-but-set-variable -march=native -Werror=incompatible-pointer-types -Wall -Wno-comment -Wno-write-strings -Wno-unused-result -Wformat -Wmissing-field-initializers -Wtype-limits -std=c99 -fno-strict-aliasing -D_GNU_SOURCE -O3 -fno-trapping-math -fno-math-errno -DBUILD_TYPE_RELEASE -mfpmath=sse -mavx2 -DLV_HAVE_AVX2 -DLV_HAVE_AVX -DLV_HAVE_SSE -mfma -DLV_HAVE_FMA -Ofast -funroll-loops   -fvisibility=hidden -o CMakeFiles/cmTC_81628.dir/src.c.o   -c /home/netlab/Research/ngscope-master/build/CMakeFiles/CMakeTmp/src.c
Linking C executable cmTC_81628
/usr/bin/cmake -E cmake_link_script CMakeFiles/cmTC_81628.dir/link.txt --verbose=1
/usr/bin/cc   -Wno-unused-but-set-variable -march=native -Werror=incompatible-pointer-types -Wall -Wno-comment -Wno-write-strings -Wno-unused-result -Wformat -Wmissing-field-initializers -Wtype-limits -std=c99 -fno-strict-aliasing -D_GNU_SOURCE -O3 -fno-trapping-math -fno-math-errno -DBUILD_TYPE_RELEASE -mfpmath=sse -mavx2 -DLV_HAVE_AVX2 -DLV_HAVE_AVX -DLV_HAVE_SSE -mfma -DLV_HAVE_FMA -Ofast -funroll-loops -DHAVE_VISIBILITY_HIDDEN_C  -Wno-unused-but-set-variable -march=native -Werror=incompatible-pointer-types -Wall -Wno-comment -Wno-write-strings -Wno-unused-result -Wformat -Wmissing-field-initializers -Wtype-limits -std=c99 -fno-strict-aliasing -D_GNU_SOURCE -O3 -fno-trapping-math -fno-math-errno -DBUILD_TYPE_RELEASE -mfpmath=sse -mavx2 -DLV_HAVE_AVX2 -DLV_HAVE_AVX -DLV_HAVE_SSE -mfma -DLV_HAVE_FMA -Ofast -funroll-loops    CMakeFiles/cmTC_81628.dir/src.c.o  -o cmTC_81628 -rdynamic 
make[1]: Leaving directory '/home/netlab/Research/ngscope-master/build/CMakeFiles/CMakeTmp'

Source file was:
int main(void) { return 0; }
